<?xml version="1.0" encoding="UTF-8"?>
<coverage generated="1727102641">
  <project timestamp="1727102641">
    <file name="/home/stantheman/Bureau/Semestre_5/TD_Automatisation_Production_RYSAK_TROHA_S5/lib/Configuration.php">
      <class name="PrivateBin\Configuration" namespace="global">
        <metrics complexity="41" methods="5" coveredmethods="4" conditionals="0" coveredconditionals="0" statements="103" coveredstatements="93" elements="108" coveredelements="97"/>
      </class>
      <line num="107" type="method" name="__construct" visibility="public" complexity="35" crap="36.47" count="160"/>
      <line num="109" type="stmt" count="160"/>
      <line num="110" type="stmt" count="160"/>
      <line num="111" type="stmt" count="160"/>
      <line num="112" type="stmt" count="160"/>
      <line num="113" type="stmt" count="1"/>
      <line num="115" type="stmt" count="160"/>
      <line num="116" type="stmt" count="160"/>
      <line num="117" type="stmt" count="160"/>
      <line num="118" type="stmt" count="160"/>
      <line num="119" type="stmt" count="158"/>
      <line num="120" type="stmt" count="158"/>
      <line num="121" type="stmt" count="158"/>
      <line num="122" type="stmt" count="4"/>
      <line num="125" type="stmt" count="154"/>
      <line num="129" type="stmt" count="156"/>
      <line num="130" type="stmt" count="156"/>
      <line num="132" type="stmt" count="156"/>
      <line num="133" type="stmt" count="146"/>
      <line num="134" type="stmt" count="146"/>
      <line num="135" type="stmt" count="6"/>
      <line num="137" type="stmt" count="146"/>
      <line num="141" type="stmt" count="150"/>
      <line num="142" type="stmt" count="150"/>
      <line num="143" type="stmt" count="150"/>
      <line num="144" type="stmt" count="150"/>
      <line num="146" type="stmt" count="58"/>
      <line num="147" type="stmt" count="58"/>
      <line num="148" type="stmt" count="58"/>
      <line num="149" type="stmt" count="58"/>
      <line num="150" type="stmt" count="58"/>
      <line num="151" type="stmt" count="58"/>
      <line num="152" type="stmt" count="58"/>
      <line num="154" type="stmt" count="150"/>
      <line num="155" type="stmt" count="150"/>
      <line num="156" type="stmt" count="150"/>
      <line num="157" type="stmt" count="150"/>
      <line num="159" type="stmt" count="36"/>
      <line num="160" type="stmt" count="36"/>
      <line num="161" type="stmt" count="36"/>
      <line num="162" type="stmt" count="36"/>
      <line num="163" type="stmt" count="36"/>
      <line num="165" type="stmt" count="150"/>
      <line num="166" type="stmt" count="150"/>
      <line num="167" type="stmt" count="150"/>
      <line num="168" type="stmt" count="150"/>
      <line num="170" type="stmt" count="0"/>
      <line num="171" type="stmt" count="0"/>
      <line num="172" type="stmt" count="0"/>
      <line num="173" type="stmt" count="0"/>
      <line num="174" type="stmt" count="0"/>
      <line num="175" type="stmt" count="0"/>
      <line num="176" type="stmt" count="0"/>
      <line num="177" type="stmt" count="0"/>
      <line num="178" type="stmt" count="0"/>
      <line num="179" type="stmt" count="0"/>
      <line num="184" type="stmt" count="150"/>
      <line num="185" type="stmt" count="150"/>
      <line num="186" type="stmt" count="150"/>
      <line num="188" type="stmt" count="150"/>
      <line num="189" type="stmt" count="150"/>
      <line num="191" type="stmt" count="150"/>
      <line num="195" type="stmt" count="150"/>
      <line num="196" type="stmt" count="150"/>
      <line num="197" type="stmt" count="57"/>
      <line num="199" type="stmt" count="150"/>
      <line num="200" type="stmt" count="150"/>
      <line num="201" type="stmt" count="150"/>
      <line num="202" type="stmt" count="36"/>
      <line num="203" type="stmt" count="150"/>
      <line num="204" type="stmt" count="150"/>
      <line num="205" type="stmt" count="150"/>
      <line num="206" type="stmt" count="1"/>
      <line num="207" type="stmt" count="150"/>
      <line num="208" type="stmt" count="1"/>
      <line num="210" type="stmt" count="150"/>
      <line num="212" type="stmt" count="150"/>
      <line num="213" type="stmt" count="150"/>
      <line num="214" type="stmt" count="150"/>
      <line num="215" type="stmt" count="150"/>
      <line num="218" type="stmt" count="150"/>
      <line num="224" type="stmt" count="156"/>
      <line num="225" type="stmt" count="156"/>
      <line num="226" type="stmt" count="156"/>
      <line num="227" type="stmt" count="156"/>
      <line num="229" type="stmt" count="156"/>
      <line num="230" type="stmt" count="156"/>
      <line num="231" type="stmt" count="156"/>
      <line num="232" type="stmt" count="156"/>
      <line num="233" type="stmt" count="156"/>
      <line num="236" type="stmt" count="156"/>
      <line num="237" type="stmt" count="1"/>
      <line num="242" type="stmt" count="156"/>
      <line num="243" type="stmt" count="156"/>
      <line num="245" type="stmt" count="1"/>
      <line num="254" type="method" name="get" visibility="public" complexity="1" crap="1" count="6"/>
      <line num="256" type="stmt" count="6"/>
      <line num="264" type="method" name="getDefaults" visibility="public" complexity="1" crap="1" count="157"/>
      <line num="266" type="stmt" count="157"/>
      <line num="277" type="method" name="getKey" visibility="public" complexity="2" crap="2" count="149"/>
      <line num="279" type="stmt" count="149"/>
      <line num="280" type="stmt" count="149"/>
      <line num="281" type="stmt" count="1"/>
      <line num="283" type="stmt" count="148"/>
      <line num="293" type="method" name="getSection" visibility="public" complexity="2" crap="2" count="149"/>
      <line num="295" type="stmt" count="149"/>
      <line num="296" type="stmt" count="1"/>
      <line num="298" type="stmt" count="149"/>
      <metrics loc="301" ncloc="239" classes="1" methods="5" coveredmethods="4" conditionals="0" coveredconditionals="0" statements="103" coveredstatements="93" elements="108" coveredelements="97"/>
    </file>
    <file name="/home/stantheman/Bureau/Semestre_5/TD_Automatisation_Production_RYSAK_TROHA_S5/lib/Controller.php">
      <class name="PrivateBin\Controller" namespace="global">
        <metrics complexity="50" methods="9" coveredmethods="8" conditionals="0" coveredconditionals="0" statements="198" coveredstatements="196" elements="207" coveredelements="204"/>
      </class>
      <line num="111" type="method" name="__construct" visibility="public" complexity="10" crap="10.03" count="123"/>
      <line num="113" type="stmt" count="123"/>
      <line num="114" type="stmt" count="0"/>
      <line num="116" type="stmt" count="123"/>
      <line num="117" type="stmt" count="0"/>
      <line num="121" type="stmt" count="123"/>
      <line num="123" type="stmt" count="120"/>
      <line num="124" type="stmt" count="120"/>
      <line num="125" type="stmt" count="56"/>
      <line num="126" type="stmt" count="56"/>
      <line num="127" type="stmt" count="64"/>
      <line num="128" type="stmt" count="23"/>
      <line num="129" type="stmt" count="23"/>
      <line num="130" type="stmt" count="23"/>
      <line num="131" type="stmt" count="23"/>
      <line num="132" type="stmt" count="23"/>
      <line num="133" type="stmt" count="41"/>
      <line num="134" type="stmt" count="25"/>
      <line num="135" type="stmt" count="25"/>
      <line num="136" type="stmt" count="16"/>
      <line num="137" type="stmt" count="5"/>
      <line num="138" type="stmt" count="5"/>
      <line num="139" type="stmt" count="11"/>
      <line num="140" type="stmt" count="2"/>
      <line num="141" type="stmt" count="2"/>
      <line num="145" type="stmt" count="115"/>
      <line num="146" type="stmt" count="83"/>
      <line num="147" type="stmt" count="83"/>
      <line num="148" type="stmt" count="83"/>
      <line num="149" type="stmt" count="83"/>
      <line num="150" type="stmt" count="83"/>
      <line num="152" type="stmt" count="32"/>
      <line num="162" type="method" name="_init" visibility="private" complexity="3" crap="3" count="123"/>
      <line num="164" type="stmt" count="123"/>
      <line num="165" type="stmt" count="120"/>
      <line num="166" type="stmt" count="120"/>
      <line num="167" type="stmt" count="120"/>
      <line num="170" type="stmt" count="120"/>
      <line num="171" type="stmt" count="120"/>
      <line num="173" type="stmt" count="120"/>
      <line num="174" type="stmt" count="3"/>
      <line num="175" type="stmt" count="3"/>
      <line num="199" type="method" name="_create" visibility="private" complexity="11" crap="11" count="56"/>
      <line num="202" type="stmt" count="56"/>
      <line num="203" type="stmt" count="56"/>
      <line num="204" type="stmt" count="56"/>
      <line num="206" type="stmt" count="56"/>
      <line num="207" type="stmt" count="3"/>
      <line num="208" type="stmt" count="3"/>
      <line num="209" type="stmt" count="3"/>
      <line num="212" type="stmt" count="56"/>
      <line num="213" type="stmt" count="56"/>
      <line num="214" type="stmt" count="56"/>
      <line num="215" type="stmt" count="56"/>
      <line num="216" type="stmt" count="56"/>
      <line num="217" type="stmt" count="56"/>
      <line num="218" type="stmt" count="6"/>
      <line num="219" type="stmt" count="6"/>
      <line num="221" type="stmt" count="50"/>
      <line num="223" type="stmt" count="50"/>
      <line num="224" type="stmt" count="3"/>
      <line num="225" type="stmt" count="3"/>
      <line num="226" type="stmt" count="3"/>
      <line num="227" type="stmt" count="3"/>
      <line num="228" type="stmt" count="3"/>
      <line num="229" type="stmt" count="3"/>
      <line num="230" type="stmt" count="3"/>
      <line num="231" type="stmt" count="3"/>
      <line num="235" type="stmt" count="47"/>
      <line num="236" type="stmt" count="15"/>
      <line num="237" type="stmt" count="15"/>
      <line num="239" type="stmt" count="12"/>
      <line num="240" type="stmt" count="9"/>
      <line num="241" type="stmt" count="9"/>
      <line num="242" type="stmt" count="9"/>
      <line num="243" type="stmt" count="9"/>
      <line num="244" type="stmt" count="9"/>
      <line num="246" type="stmt" count="3"/>
      <line num="248" type="stmt" count="6"/>
      <line num="253" type="stmt" count="32"/>
      <line num="254" type="stmt" count="32"/>
      <line num="256" type="stmt" count="32"/>
      <line num="257" type="stmt" count="26"/>
      <line num="258" type="stmt" count="9"/>
      <line num="259" type="stmt" count="9"/>
      <line num="261" type="stmt" count="23"/>
      <line num="272" type="method" name="_delete" visibility="private" complexity="6" crap="6" count="23"/>
      <line num="275" type="stmt" count="23"/>
      <line num="276" type="stmt" count="20"/>
      <line num="279" type="stmt" count="17"/>
      <line num="280" type="stmt" count="14"/>
      <line num="282" type="stmt" count="8"/>
      <line num="283" type="stmt" count="8"/>
      <line num="285" type="stmt" count="14"/>
      <line num="288" type="stmt" count="17"/>
      <line num="290" type="stmt" count="6"/>
      <line num="291" type="stmt" count="6"/>
      <line num="293" type="stmt" count="23"/>
      <line num="294" type="stmt" count="5"/>
      <line num="295" type="stmt" count="3"/>
      <line num="297" type="stmt" count="2"/>
      <line num="308" type="method" name="_read" visibility="private" complexity="5" crap="5" count="25"/>
      <line num="310" type="stmt" count="25"/>
      <line num="311" type="stmt" count="3"/>
      <line num="315" type="stmt" count="22"/>
      <line num="316" type="stmt" count="19"/>
      <line num="317" type="stmt" count="16"/>
      <line num="318" type="stmt" count="13"/>
      <line num="319" type="stmt" count="13"/>
      <line num="321" type="stmt" count="13"/>
      <line num="323" type="stmt" count="16"/>
      <line num="325" type="stmt" count="6"/>
      <line num="326" type="stmt" count="6"/>
      <line num="335" type="method" name="_view" visibility="private" complexity="5" crap="5" count="32"/>
      <line num="338" type="stmt" count="32"/>
      <line num="339" type="stmt" count="32"/>
      <line num="340" type="stmt" count="32"/>
      <line num="341" type="stmt" count="32"/>
      <line num="342" type="stmt" count="32"/>
      <line num="343" type="stmt" count="32"/>
      <line num="344" type="stmt" count="32"/>
      <line num="345" type="stmt" count="32"/>
      <line num="346" type="stmt" count="32"/>
      <line num="351" type="stmt" count="32"/>
      <line num="352" type="stmt" count="32"/>
      <line num="353" type="stmt" count="32"/>
      <line num="354" type="stmt" count="32"/>
      <line num="355" type="stmt" count="32"/>
      <line num="358" type="stmt" count="32"/>
      <line num="359" type="stmt" count="32"/>
      <line num="360" type="stmt" count="32"/>
      <line num="364" type="stmt" count="32"/>
      <line num="367" type="stmt" count="32"/>
      <line num="368" type="stmt" count="32"/>
      <line num="369" type="stmt" count="3"/>
      <line num="370" type="stmt" count="3"/>
      <line num="374" type="stmt" count="32"/>
      <line num="375" type="stmt" count="32"/>
      <line num="376" type="stmt" count="32"/>
      <line num="377" type="stmt" count="32"/>
      <line num="378" type="stmt" count="32"/>
      <line num="379" type="stmt" count="32"/>
      <line num="380" type="stmt" count="32"/>
      <line num="381" type="stmt" count="32"/>
      <line num="383" type="stmt" count="32"/>
      <line num="384" type="stmt" count="32"/>
      <line num="385" type="stmt" count="32"/>
      <line num="386" type="stmt" count="32"/>
      <line num="387" type="stmt" count="32"/>
      <line num="388" type="stmt" count="2"/>
      <line num="389" type="stmt" count="2"/>
      <line num="390" type="stmt" count="2"/>
      <line num="392" type="stmt" count="30"/>
      <line num="393" type="stmt" count="30"/>
      <line num="394" type="stmt" count="30"/>
      <line num="395" type="stmt" count="30"/>
      <line num="396" type="stmt" count="30"/>
      <line num="397" type="stmt" count="30"/>
      <line num="398" type="stmt" count="30"/>
      <line num="399" type="stmt" count="30"/>
      <line num="400" type="stmt" count="30"/>
      <line num="401" type="stmt" count="30"/>
      <line num="402" type="stmt" count="30"/>
      <line num="403" type="stmt" count="30"/>
      <line num="404" type="stmt" count="30"/>
      <line num="405" type="stmt" count="30"/>
      <line num="406" type="stmt" count="30"/>
      <line num="407" type="stmt" count="30"/>
      <line num="408" type="stmt" count="30"/>
      <line num="409" type="stmt" count="30"/>
      <line num="410" type="stmt" count="30"/>
      <line num="411" type="stmt" count="30"/>
      <line num="412" type="stmt" count="30"/>
      <line num="413" type="stmt" count="30"/>
      <line num="414" type="stmt" count="30"/>
      <line num="415" type="stmt" count="30"/>
      <line num="416" type="stmt" count="30"/>
      <line num="417" type="stmt" count="30"/>
      <line num="426" type="method" name="_jsonld" visibility="private" complexity="6" crap="6" count="5"/>
      <line num="429" type="stmt" count="5"/>
      <line num="430" type="stmt" count="5"/>
      <line num="432" type="stmt" count="1"/>
      <line num="434" type="stmt" count="5"/>
      <line num="435" type="stmt" count="5"/>
      <line num="436" type="stmt" count="5"/>
      <line num="437" type="stmt" count="4"/>
      <line num="438" type="stmt" count="4"/>
      <line num="439" type="stmt" count="4"/>
      <line num="440" type="stmt" count="4"/>
      <line num="441" type="stmt" count="4"/>
      <line num="444" type="stmt" count="5"/>
      <line num="445" type="stmt" count="5"/>
      <line num="446" type="stmt" count="5"/>
      <line num="447" type="stmt" count="5"/>
      <line num="456" type="method" name="_yourlsproxy" visibility="private" complexity="2" crap="2" count="2"/>
      <line num="458" type="stmt" count="2"/>
      <line num="459" type="stmt" count="2"/>
      <line num="460" type="stmt" count="1"/>
      <line num="462" type="stmt" count="1"/>
      <line num="474" type="method" name="_return_message" visibility="private" complexity="2" crap="2" count="83"/>
      <line num="476" type="stmt" count="83"/>
      <line num="477" type="stmt" count="83"/>
      <line num="478" type="stmt" count="45"/>
      <line num="480" type="stmt" count="41"/>
      <line num="481" type="stmt" count="41"/>
      <line num="483" type="stmt" count="83"/>
      <line num="484" type="stmt" count="83"/>
      <metrics loc="487" ncloc="323" classes="1" methods="9" coveredmethods="8" conditionals="0" coveredconditionals="0" statements="198" coveredstatements="196" elements="207" coveredelements="204"/>
    </file>
    <file name="/home/stantheman/Bureau/Semestre_5/TD_Automatisation_Production_RYSAK_TROHA_S5/lib/Data/Database.php">
      <class name="PrivateBin\Data\Database" namespace="global">
        <metrics complexity="128" methods="27" coveredmethods="13" conditionals="0" coveredconditionals="0" statements="438" coveredstatements="391" elements="465" coveredelements="404"/>
      </class>
      <line num="60" type="method" name="__construct" visibility="public" complexity="13" crap="13" count="78"/>
      <line num="63" type="stmt" count="78"/>
      <line num="64" type="stmt" count="55"/>
      <line num="69" type="stmt" count="78"/>
      <line num="70" type="stmt" count="78"/>
      <line num="71" type="stmt" count="78"/>
      <line num="72" type="stmt" count="78"/>
      <line num="75" type="stmt" count="78"/>
      <line num="76" type="stmt" count="78"/>
      <line num="77" type="stmt" count="78"/>
      <line num="78" type="stmt" count="78"/>
      <line num="81" type="stmt" count="78"/>
      <line num="82" type="stmt" count="78"/>
      <line num="83" type="stmt" count="78"/>
      <line num="86" type="stmt" count="78"/>
      <line num="87" type="stmt" count="0"/>
      <line num="89" type="stmt" count="78"/>
      <line num="90" type="stmt" count="78"/>
      <line num="91" type="stmt" count="78"/>
      <line num="92" type="stmt" count="78"/>
      <line num="93" type="stmt" count="78"/>
      <line num="94" type="stmt" count="78"/>
      <line num="95" type="stmt" count="78"/>
      <line num="98" type="stmt" count="78"/>
      <line num="101" type="stmt" count="78"/>
      <line num="102" type="stmt" count="44"/>
      <line num="103" type="stmt" count="44"/>
      <line num="107" type="stmt" count="78"/>
      <line num="108" type="stmt" count="44"/>
      <line num="109" type="stmt" count="44"/>
      <line num="113" type="stmt" count="78"/>
      <line num="114" type="stmt" count="78"/>
      <line num="115" type="stmt" count="45"/>
      <line num="117" type="stmt" count="45"/>
      <line num="118" type="stmt" count="45"/>
      <line num="121" type="stmt" count="71"/>
      <line num="125" type="stmt" count="78"/>
      <line num="126" type="stmt" count="78"/>
      <line num="129" type="stmt" count="4"/>
      <line num="130" type="stmt" count="4"/>
      <line num="131" type="stmt" count="4"/>
      <line num="143" type="method" name="create" visibility="public" complexity="10" crap="10" count="39"/>
      <line num="145" type="stmt" count="39"/>
      <line num="146" type="stmt" count="39"/>
      <line num="147" type="stmt" count="39"/>
      <line num="148" type="stmt" count="39"/>
      <line num="149" type="stmt" count="39"/>
      <line num="150" type="stmt" count="39"/>
      <line num="151" type="stmt" count="39"/>
      <line num="152" type="stmt" count="39"/>
      <line num="153" type="stmt" count="39"/>
      <line num="154" type="stmt" count="24"/>
      <line num="155" type="stmt" count="24"/>
      <line num="157" type="stmt" count="39"/>
      <line num="158" type="stmt" count="2"/>
      <line num="159" type="stmt" count="2"/>
      <line num="161" type="stmt" count="39"/>
      <line num="162" type="stmt" count="1"/>
      <line num="163" type="stmt" count="1"/>
      <line num="165" type="stmt" count="39"/>
      <line num="166" type="stmt" count="2"/>
      <line num="167" type="stmt" count="1"/>
      <line num="168" type="stmt" count="1"/>
      <line num="170" type="stmt" count="2"/>
      <line num="171" type="stmt" count="1"/>
      <line num="172" type="stmt" count="2"/>
      <line num="175" type="stmt" count="37"/>
      <line num="176" type="stmt" count="37"/>
      <line num="179" type="stmt" count="39"/>
      <line num="180" type="stmt" count="39"/>
      <line num="181" type="stmt" count="39"/>
      <line num="182" type="stmt" count="39"/>
      <line num="183" type="stmt" count="39"/>
      <line num="184" type="stmt" count="39"/>
      <line num="185" type="stmt" count="39"/>
      <line num="186" type="stmt" count="39"/>
      <line num="187" type="stmt" count="39"/>
      <line num="188" type="stmt" count="39"/>
      <line num="189" type="stmt" count="39"/>
      <line num="190" type="stmt" count="39"/>
      <line num="191" type="stmt" count="39"/>
      <line num="192" type="stmt" count="39"/>
      <line num="193" type="stmt" count="39"/>
      <line num="194" type="stmt" count="3"/>
      <line num="195" type="stmt" count="3"/>
      <line num="206" type="method" name="read" visibility="public" complexity="14" crap="14.04" count="30"/>
      <line num="209" type="stmt" count="30"/>
      <line num="210" type="stmt" count="30"/>
      <line num="211" type="stmt" count="30"/>
      <line num="212" type="stmt" count="30"/>
      <line num="213" type="stmt" count="0"/>
      <line num="214" type="stmt" count="0"/>
      <line num="216" type="stmt" count="30"/>
      <line num="217" type="stmt" count="2"/>
      <line num="220" type="stmt" count="29"/>
      <line num="221" type="stmt" count="29"/>
      <line num="222" type="stmt" count="29"/>
      <line num="223" type="stmt" count="24"/>
      <line num="224" type="stmt" count="24"/>
      <line num="226" type="stmt" count="5"/>
      <line num="227" type="stmt" count="5"/>
      <line num="231" type="stmt" count="29"/>
      <line num="232" type="stmt" count="1"/>
      <line num="233" type="stmt" count="1"/>
      <line num="235" type="stmt" count="29"/>
      <line num="236" type="stmt" count="29"/>
      <line num="237" type="stmt" count="29"/>
      <line num="238" type="stmt" count="29"/>
      <line num="239" type="stmt" count="29"/>
      <line num="240" type="stmt" count="16"/>
      <line num="242" type="stmt" count="29"/>
      <line num="243" type="stmt" count="24"/>
      <line num="247" type="stmt" count="5"/>
      <line num="248" type="stmt" count="2"/>
      <line num="249" type="stmt" count="2"/>
      <line num="250" type="stmt" count="2"/>
      <line num="253" type="stmt" count="5"/>
      <line num="254" type="stmt" count="2"/>
      <line num="256" type="stmt" count="5"/>
      <line num="257" type="stmt" count="1"/>
      <line num="260" type="stmt" count="5"/>
      <line num="269" type="method" name="delete" visibility="public" complexity="1" crap="1" count="26"/>
      <line num="271" type="stmt" count="26"/>
      <line num="272" type="stmt" count="26"/>
      <line num="273" type="stmt" count="26"/>
      <line num="274" type="stmt" count="26"/>
      <line num="275" type="stmt" count="26"/>
      <line num="276" type="stmt" count="26"/>
      <line num="277" type="stmt" count="26"/>
      <line num="278" type="stmt" count="26"/>
      <line num="288" type="method" name="exists" visibility="public" complexity="2" crap="2" count="59"/>
      <line num="291" type="stmt" count="59"/>
      <line num="292" type="stmt" count="59"/>
      <line num="293" type="stmt" count="59"/>
      <line num="294" type="stmt" count="59"/>
      <line num="295" type="stmt" count="1"/>
      <line num="296" type="stmt" count="1"/>
      <line num="298" type="stmt" count="59"/>
      <line num="311" type="method" name="createComment" visibility="public" complexity="5" crap="5" count="9"/>
      <line num="313" type="stmt" count="9"/>
      <line num="314" type="stmt" count="1"/>
      <line num="315" type="stmt" count="1"/>
      <line num="317" type="stmt" count="9"/>
      <line num="318" type="stmt" count="9"/>
      <line num="320" type="stmt" count="9"/>
      <line num="321" type="stmt" count="9"/>
      <line num="322" type="stmt" count="9"/>
      <line num="323" type="stmt" count="9"/>
      <line num="324" type="stmt" count="9"/>
      <line num="325" type="stmt" count="9"/>
      <line num="329" type="stmt" count="9"/>
      <line num="330" type="stmt" count="9"/>
      <line num="331" type="stmt" count="9"/>
      <line num="332" type="stmt" count="9"/>
      <line num="333" type="stmt" count="9"/>
      <line num="334" type="stmt" count="9"/>
      <line num="335" type="stmt" count="9"/>
      <line num="336" type="stmt" count="9"/>
      <line num="337" type="stmt" count="9"/>
      <line num="338" type="stmt" count="9"/>
      <line num="339" type="stmt" count="9"/>
      <line num="340" type="stmt" count="9"/>
      <line num="341" type="stmt" count="9"/>
      <line num="342" type="stmt" count="1"/>
      <line num="343" type="stmt" count="1"/>
      <line num="354" type="method" name="readComments" visibility="public" complexity="9" crap="9" count="18"/>
      <line num="356" type="stmt" count="18"/>
      <line num="357" type="stmt" count="18"/>
      <line num="358" type="stmt" count="18"/>
      <line num="359" type="stmt" count="18"/>
      <line num="362" type="stmt" count="18"/>
      <line num="363" type="stmt" count="18"/>
      <line num="364" type="stmt" count="6"/>
      <line num="365" type="stmt" count="6"/>
      <line num="366" type="stmt" count="6"/>
      <line num="367" type="stmt" count="6"/>
      <line num="368" type="stmt" count="6"/>
      <line num="369" type="stmt" count="6"/>
      <line num="371" type="stmt" count="1"/>
      <line num="372" type="stmt" count="1"/>
      <line num="374" type="stmt" count="6"/>
      <line num="375" type="stmt" count="6"/>
      <line num="376" type="stmt" count="6"/>
      <line num="377" type="stmt" count="6"/>
      <line num="378" type="stmt" count="6"/>
      <line num="379" type="stmt" count="6"/>
      <line num="380" type="stmt" count="5"/>
      <line num="384" type="stmt" count="6"/>
      <line num="386" type="stmt" count="18"/>
      <line num="398" type="method" name="existsComment" visibility="public" complexity="2" crap="2" count="13"/>
      <line num="401" type="stmt" count="13"/>
      <line num="402" type="stmt" count="13"/>
      <line num="403" type="stmt" count="13"/>
      <line num="404" type="stmt" count="13"/>
      <line num="405" type="stmt" count="13"/>
      <line num="406" type="stmt" count="1"/>
      <line num="407" type="stmt" count="1"/>
      <line num="420" type="method" name="setValue" visibility="public" complexity="3" crap="3.07" count="17"/>
      <line num="422" type="stmt" count="17"/>
      <line num="423" type="stmt" count="4"/>
      <line num="425" type="stmt" count="4"/>
      <line num="426" type="stmt" count="0"/>
      <line num="427" type="stmt" count="0"/>
      <line num="430" type="stmt" count="17"/>
      <line num="431" type="stmt" count="17"/>
      <line num="432" type="stmt" count="17"/>
      <line num="433" type="stmt" count="17"/>
      <line num="434" type="stmt" count="17"/>
      <line num="445" type="method" name="getValue" visibility="public" complexity="8" crap="8.05" count="22"/>
      <line num="447" type="stmt" count="22"/>
      <line num="448" type="stmt" count="22"/>
      <line num="449" type="stmt" count="22"/>
      <line num="451" type="stmt" count="17"/>
      <line num="452" type="stmt" count="17"/>
      <line num="453" type="stmt" count="17"/>
      <line num="454" type="stmt" count="17"/>
      <line num="455" type="stmt" count="17"/>
      <line num="458" type="stmt" count="17"/>
      <line num="459" type="stmt" count="17"/>
      <line num="460" type="stmt" count="1"/>
      <line num="461" type="stmt" count="1"/>
      <line num="462" type="stmt" count="1"/>
      <line num="463" type="stmt" count="1"/>
      <line num="464" type="stmt" count="1"/>
      <line num="467" type="stmt" count="21"/>
      <line num="469" type="stmt" count="1"/>
      <line num="470" type="stmt" count="0"/>
      <line num="471" type="stmt" count="0"/>
      <line num="473" type="stmt" count="1"/>
      <line num="474" type="stmt" count="1"/>
      <line num="477" type="stmt" count="21"/>
      <line num="487" type="method" name="_getExpiredPastes" visibility="protected" complexity="2" crap="2" count="12"/>
      <line num="489" type="stmt" count="12"/>
      <line num="490" type="stmt" count="12"/>
      <line num="491" type="stmt" count="12"/>
      <line num="492" type="stmt" count="12"/>
      <line num="493" type="stmt" count="12"/>
      <line num="494" type="stmt" count="12"/>
      <line num="495" type="stmt" count="12"/>
      <line num="501" type="method" name="getAllPastes" visibility="public" complexity="1" crap="2" count="0"/>
      <line num="503" type="stmt" count="0"/>
      <line num="504" type="stmt" count="0"/>
      <line num="505" type="stmt" count="0"/>
      <line num="517" type="method" name="_exec" visibility="private" complexity="5" crap="5.02" count="60"/>
      <line num="519" type="stmt" count="60"/>
      <line num="520" type="stmt" count="60"/>
      <line num="521" type="stmt" count="60"/>
      <line num="522" type="stmt" count="60"/>
      <line num="523" type="stmt" count="38"/>
      <line num="524" type="stmt" count="60"/>
      <line num="525" type="stmt" count="0"/>
      <line num="527" type="stmt" count="60"/>
      <line num="530" type="stmt" count="60"/>
      <line num="531" type="stmt" count="60"/>
      <line num="532" type="stmt" count="60"/>
      <line num="545" type="method" name="_select" visibility="private" complexity="7" crap="10.14" count="78"/>
      <line num="547" type="stmt" count="78"/>
      <line num="548" type="stmt" count="78"/>
      <line num="549" type="stmt" count="78"/>
      <line num="550" type="stmt" count="78"/>
      <line num="551" type="stmt" count="18"/>
      <line num="553" type="stmt" count="0"/>
      <line num="554" type="stmt" count="0"/>
      <line num="555" type="stmt" count="0"/>
      <line num="558" type="stmt" count="18"/>
      <line num="560" type="stmt" count="78"/>
      <line num="561" type="stmt" count="78"/>
      <line num="563" type="stmt" count="0"/>
      <line num="564" type="stmt" count="0"/>
      <line num="565" type="stmt" count="0"/>
      <line num="567" type="stmt" count="78"/>
      <line num="577" type="method" name="_getVersionedKeys" visibility="private" complexity="2" crap="2" count="42"/>
      <line num="579" type="stmt" count="42"/>
      <line num="580" type="stmt" count="6"/>
      <line num="582" type="stmt" count="37"/>
      <line num="593" type="method" name="_getTableQuery" visibility="private" complexity="9" crap="9" count="78"/>
      <line num="596" type="stmt" count="78"/>
      <line num="597" type="stmt" count="1"/>
      <line num="598" type="stmt" count="1"/>
      <line num="599" type="stmt" count="78"/>
      <line num="600" type="stmt" count="1"/>
      <line num="601" type="stmt" count="1"/>
      <line num="602" type="stmt" count="78"/>
      <line num="604" type="stmt" count="1"/>
      <line num="605" type="stmt" count="1"/>
      <line num="606" type="stmt" count="1"/>
      <line num="607" type="stmt" count="78"/>
      <line num="608" type="stmt" count="1"/>
      <line num="609" type="stmt" count="1"/>
      <line num="610" type="stmt" count="78"/>
      <line num="611" type="stmt" count="1"/>
      <line num="612" type="stmt" count="1"/>
      <line num="613" type="stmt" count="78"/>
      <line num="614" type="stmt" count="1"/>
      <line num="615" type="stmt" count="1"/>
      <line num="616" type="stmt" count="1"/>
      <line num="617" type="stmt" count="1"/>
      <line num="618" type="stmt" count="1"/>
      <line num="619" type="stmt" count="1"/>
      <line num="620" type="stmt" count="1"/>
      <line num="621" type="stmt" count="1"/>
      <line num="622" type="stmt" count="1"/>
      <line num="623" type="stmt" count="1"/>
      <line num="624" type="stmt" count="1"/>
      <line num="625" type="stmt" count="1"/>
      <line num="626" type="stmt" count="1"/>
      <line num="627" type="stmt" count="78"/>
      <line num="628" type="stmt" count="78"/>
      <line num="629" type="stmt" count="78"/>
      <line num="630" type="stmt" count="78"/>
      <line num="631" type="stmt" count="78"/>
      <line num="633" type="stmt" count="1"/>
      <line num="634" type="stmt" count="1"/>
      <line num="635" type="stmt" count="1"/>
      <line num="637" type="stmt" count="78"/>
      <line num="647" type="method" name="_getConfig" visibility="private" complexity="3" crap="3.21" count="72"/>
      <line num="650" type="stmt" count="72"/>
      <line num="651" type="stmt" count="72"/>
      <line num="652" type="stmt" count="72"/>
      <line num="653" type="stmt" count="72"/>
      <line num="654" type="stmt" count="0"/>
      <line num="655" type="stmt" count="0"/>
      <line num="657" type="stmt" count="72"/>
      <line num="667" type="method" name="_getPrimaryKeyClauses" visibility="private" complexity="4" crap="4.18" count="45"/>
      <line num="669" type="stmt" count="45"/>
      <line num="670" type="stmt" count="45"/>
      <line num="671" type="stmt" count="45"/>
      <line num="672" type="stmt" count="45"/>
      <line num="673" type="stmt" count="0"/>
      <line num="674" type="stmt" count="0"/>
      <line num="676" type="stmt" count="45"/>
      <line num="677" type="stmt" count="45"/>
      <line num="679" type="stmt" count="45"/>
      <line num="690" type="method" name="_getDataType" visibility="private" complexity="4" crap="4.59" count="45"/>
      <line num="692" type="stmt" count="45"/>
      <line num="693" type="stmt" count="45"/>
      <line num="694" type="stmt" count="0"/>
      <line num="695" type="stmt" count="45"/>
      <line num="696" type="stmt" count="0"/>
      <line num="698" type="stmt" count="45"/>
      <line num="710" type="method" name="_getAttachmentType" visibility="private" complexity="4" crap="4.59" count="45"/>
      <line num="712" type="stmt" count="45"/>
      <line num="713" type="stmt" count="45"/>
      <line num="714" type="stmt" count="0"/>
      <line num="715" type="stmt" count="45"/>
      <line num="716" type="stmt" count="0"/>
      <line num="718" type="stmt" count="45"/>
      <line num="730" type="method" name="_getMetaType" visibility="private" complexity="3" crap="3.14" count="45"/>
      <line num="732" type="stmt" count="45"/>
      <line num="733" type="stmt" count="45"/>
      <line num="734" type="stmt" count="0"/>
      <line num="736" type="stmt" count="45"/>
      <line num="745" type="method" name="_createPasteTable" visibility="private" complexity="1" crap="1" count="44"/>
      <line num="747" type="stmt" count="44"/>
      <line num="748" type="stmt" count="44"/>
      <line num="749" type="stmt" count="44"/>
      <line num="750" type="stmt" count="44"/>
      <line num="751" type="stmt" count="44"/>
      <line num="752" type="stmt" count="44"/>
      <line num="753" type="stmt" count="44"/>
      <line num="754" type="stmt" count="44"/>
      <line num="755" type="stmt" count="44"/>
      <line num="756" type="stmt" count="44"/>
      <line num="757" type="stmt" count="44"/>
      <line num="758" type="stmt" count="44"/>
      <line num="759" type="stmt" count="44"/>
      <line num="760" type="stmt" count="44"/>
      <line num="761" type="stmt" count="44"/>
      <line num="762" type="stmt" count="44"/>
      <line num="770" type="method" name="_createCommentTable" visibility="private" complexity="2" crap="2.04" count="44"/>
      <line num="772" type="stmt" count="44"/>
      <line num="773" type="stmt" count="44"/>
      <line num="774" type="stmt" count="44"/>
      <line num="775" type="stmt" count="44"/>
      <line num="776" type="stmt" count="44"/>
      <line num="777" type="stmt" count="44"/>
      <line num="778" type="stmt" count="44"/>
      <line num="779" type="stmt" count="44"/>
      <line num="780" type="stmt" count="44"/>
      <line num="781" type="stmt" count="44"/>
      <line num="782" type="stmt" count="44"/>
      <line num="783" type="stmt" count="44"/>
      <line num="784" type="stmt" count="44"/>
      <line num="785" type="stmt" count="0"/>
      <line num="786" type="stmt" count="0"/>
      <line num="792" type="stmt" count="0"/>
      <line num="796" type="stmt" count="0"/>
      <line num="797" type="stmt" count="0"/>
      <line num="800" type="stmt" count="44"/>
      <line num="801" type="stmt" count="44"/>
      <line num="802" type="stmt" count="44"/>
      <line num="803" type="stmt" count="44"/>
      <line num="804" type="stmt" count="44"/>
      <line num="813" type="method" name="_createConfigTable" visibility="private" complexity="2" crap="2" count="45"/>
      <line num="815" type="stmt" count="45"/>
      <line num="816" type="stmt" count="45"/>
      <line num="817" type="stmt" count="45"/>
      <line num="818" type="stmt" count="45"/>
      <line num="819" type="stmt" count="45"/>
      <line num="820" type="stmt" count="45"/>
      <line num="821" type="stmt" count="45"/>
      <line num="822" type="stmt" count="45"/>
      <line num="823" type="stmt" count="45"/>
      <line num="824" type="stmt" count="45"/>
      <line num="825" type="stmt" count="45"/>
      <line num="826" type="stmt" count="45"/>
      <line num="839" type="method" name="_sanitizeClob" visibility="public" complexity="2" crap="2" count="1"/>
      <line num="841" type="stmt" count="1"/>
      <line num="842" type="stmt" count="1"/>
      <line num="844" type="stmt" count="1"/>
      <line num="854" type="method" name="_sanitizeIdentifier" visibility="private" complexity="1" crap="1" count="78"/>
      <line num="856" type="stmt" count="78"/>
      <line num="865" type="method" name="_upgradeDatabase" visibility="private" complexity="9" crap="11.36" count="1"/>
      <line num="867" type="stmt" count="1"/>
      <line num="868" type="stmt" count="1"/>
      <line num="870" type="stmt" count="1"/>
      <line num="873" type="stmt" count="1"/>
      <line num="874" type="stmt" count="1"/>
      <line num="875" type="stmt" count="1"/>
      <line num="876" type="stmt" count="1"/>
      <line num="877" type="stmt" count="0"/>
      <line num="878" type="stmt" count="0"/>
      <line num="881" type="stmt" count="1"/>
      <line num="882" type="stmt" count="1"/>
      <line num="883" type="stmt" count="1"/>
      <line num="884" type="stmt" count="1"/>
      <line num="885" type="stmt" count="1"/>
      <line num="886" type="stmt" count="1"/>
      <line num="887" type="stmt" count="1"/>
      <line num="890" type="stmt" count="1"/>
      <line num="891" type="stmt" count="0"/>
      <line num="892" type="stmt" count="0"/>
      <line num="893" type="stmt" count="0"/>
      <line num="894" type="stmt" count="0"/>
      <line num="895" type="stmt" count="0"/>
      <line num="896" type="stmt" count="0"/>
      <line num="897" type="stmt" count="0"/>
      <line num="898" type="stmt" count="0"/>
      <line num="899" type="stmt" count="0"/>
      <line num="901" type="stmt" count="1"/>
      <line num="902" type="stmt" count="1"/>
      <line num="903" type="stmt" count="1"/>
      <line num="904" type="stmt" count="1"/>
      <line num="905" type="stmt" count="1"/>
      <line num="906" type="stmt" count="1"/>
      <line num="907" type="stmt" count="1"/>
      <line num="908" type="stmt" count="1"/>
      <line num="909" type="stmt" count="1"/>
      <line num="910" type="stmt" count="1"/>
      <line num="913" type="stmt" count="1"/>
      <line num="914" type="stmt" count="1"/>
      <line num="915" type="stmt" count="1"/>
      <line num="916" type="stmt" count="1"/>
      <line num="917" type="stmt" count="1"/>
      <line num="919" type="stmt" count="0"/>
      <line num="923" type="stmt" count="1"/>
      <line num="924" type="stmt" count="0"/>
      <line num="925" type="stmt" count="0"/>
      <line num="926" type="stmt" count="0"/>
      <line num="927" type="stmt" count="0"/>
      <line num="931" type="stmt" count="1"/>
      <line num="932" type="stmt" count="1"/>
      <line num="933" type="stmt" count="1"/>
      <line num="934" type="stmt" count="1"/>
      <line num="935" type="stmt" count="1"/>
      <metrics loc="939" ncloc="676" classes="1" methods="27" coveredmethods="13" conditionals="0" coveredconditionals="0" statements="438" coveredstatements="391" elements="465" coveredelements="404"/>
    </file>
    <file name="/home/stantheman/Bureau/Semestre_5/TD_Automatisation_Production_RYSAK_TROHA_S5/lib/Data/Filesystem.php">
      <class name="PrivateBin\Data\Filesystem" namespace="global">
        <metrics complexity="74" methods="18" coveredmethods="16" conditionals="0" coveredconditionals="0" statements="182" coveredstatements="177" elements="200" coveredelements="193"/>
      </class>
      <line num="70" type="method" name="__construct" visibility="public" complexity="3" crap="3" count="64"/>
      <line num="74" type="stmt" count="64"/>
      <line num="75" type="stmt" count="64"/>
      <line num="77" type="stmt" count="64"/>
      <line num="89" type="method" name="create" visibility="public" complexity="3" crap="3" count="34"/>
      <line num="91" type="stmt" count="34"/>
      <line num="92" type="stmt" count="34"/>
      <line num="93" type="stmt" count="34"/>
      <line num="94" type="stmt" count="2"/>
      <line num="96" type="stmt" count="34"/>
      <line num="97" type="stmt" count="34"/>
      <line num="99" type="stmt" count="34"/>
      <line num="109" type="method" name="read" visibility="public" complexity="3" crap="3" count="29"/>
      <line num="112" type="stmt" count="29"/>
      <line num="113" type="stmt" count="29"/>
      <line num="115" type="stmt" count="1"/>
      <line num="117" type="stmt" count="29"/>
      <line num="126" type="method" name="delete" visibility="public" complexity="6" crap="6" count="15"/>
      <line num="128" type="stmt" count="15"/>
      <line num="129" type="stmt" count="15"/>
      <line num="131" type="stmt" count="11"/>
      <line num="132" type="stmt" count="11"/>
      <line num="136" type="stmt" count="11"/>
      <line num="137" type="stmt" count="11"/>
      <line num="139" type="stmt" count="1"/>
      <line num="140" type="stmt" count="1"/>
      <line num="141" type="stmt" count="1"/>
      <line num="142" type="stmt" count="1"/>
      <line num="145" type="stmt" count="1"/>
      <line num="146" type="stmt" count="1"/>
      <line num="158" type="method" name="exists" visibility="public" complexity="6" crap="6" count="56"/>
      <line num="160" type="stmt" count="56"/>
      <line num="161" type="stmt" count="56"/>
      <line num="163" type="stmt" count="56"/>
      <line num="164" type="stmt" count="1"/>
      <line num="167" type="stmt" count="1"/>
      <line num="168" type="stmt" count="1"/>
      <line num="169" type="stmt" count="1"/>
      <line num="170" type="stmt" count="1"/>
      <line num="171" type="stmt" count="1"/>
      <line num="172" type="stmt" count="1"/>
      <line num="173" type="stmt" count="1"/>
      <line num="176" type="stmt" count="1"/>
      <line num="179" type="stmt" count="56"/>
      <line num="192" type="method" name="createComment" visibility="public" complexity="3" crap="3" count="5"/>
      <line num="194" type="stmt" count="5"/>
      <line num="195" type="stmt" count="5"/>
      <line num="196" type="stmt" count="5"/>
      <line num="197" type="stmt" count="1"/>
      <line num="199" type="stmt" count="5"/>
      <line num="200" type="stmt" count="5"/>
      <line num="202" type="stmt" count="5"/>
      <line num="212" type="method" name="readComments" visibility="public" complexity="5" crap="5" count="16"/>
      <line num="214" type="stmt" count="16"/>
      <line num="215" type="stmt" count="16"/>
      <line num="216" type="stmt" count="16"/>
      <line num="217" type="stmt" count="3"/>
      <line num="218" type="stmt" count="3"/>
      <line num="223" type="stmt" count="3"/>
      <line num="224" type="stmt" count="3"/>
      <line num="225" type="stmt" count="3"/>
      <line num="227" type="stmt" count="3"/>
      <line num="228" type="stmt" count="3"/>
      <line num="231" type="stmt" count="3"/>
      <line num="232" type="stmt" count="3"/>
      <line num="233" type="stmt" count="3"/>
      <line num="234" type="stmt" count="3"/>
      <line num="235" type="stmt" count="3"/>
      <line num="236" type="stmt" count="3"/>
      <line num="237" type="stmt" count="3"/>
      <line num="238" type="stmt" count="3"/>
      <line num="241" type="stmt" count="3"/>
      <line num="244" type="stmt" count="3"/>
      <line num="246" type="stmt" count="16"/>
      <line num="258" type="method" name="existsComment" visibility="public" complexity="1" crap="1" count="9"/>
      <line num="260" type="stmt" count="9"/>
      <line num="261" type="stmt" count="9"/>
      <line num="262" type="stmt" count="9"/>
      <line num="263" type="stmt" count="9"/>
      <line num="275" type="method" name="setValue" visibility="public" complexity="4" crap="4" count="25"/>
      <line num="278" type="stmt" count="25"/>
      <line num="279" type="stmt" count="13"/>
      <line num="280" type="stmt" count="13"/>
      <line num="281" type="stmt" count="13"/>
      <line num="282" type="stmt" count="13"/>
      <line num="283" type="stmt" count="15"/>
      <line num="284" type="stmt" count="14"/>
      <line num="285" type="stmt" count="14"/>
      <line num="286" type="stmt" count="14"/>
      <line num="287" type="stmt" count="14"/>
      <line num="288" type="stmt" count="8"/>
      <line num="289" type="stmt" count="7"/>
      <line num="290" type="stmt" count="7"/>
      <line num="291" type="stmt" count="7"/>
      <line num="292" type="stmt" count="7"/>
      <line num="293" type="stmt" count="7"/>
      <line num="295" type="stmt" count="1"/>
      <line num="306" type="method" name="getValue" visibility="public" complexity="10" crap="10" count="24"/>
      <line num="309" type="stmt" count="24"/>
      <line num="310" type="stmt" count="13"/>
      <line num="311" type="stmt" count="13"/>
      <line num="312" type="stmt" count="1"/>
      <line num="313" type="stmt" count="1"/>
      <line num="315" type="stmt" count="13"/>
      <line num="316" type="stmt" count="14"/>
      <line num="317" type="stmt" count="14"/>
      <line num="318" type="stmt" count="14"/>
      <line num="319" type="stmt" count="3"/>
      <line num="320" type="stmt" count="3"/>
      <line num="321" type="stmt" count="3"/>
      <line num="324" type="stmt" count="14"/>
      <line num="325" type="stmt" count="7"/>
      <line num="326" type="stmt" count="7"/>
      <line num="327" type="stmt" count="7"/>
      <line num="328" type="stmt" count="3"/>
      <line num="329" type="stmt" count="3"/>
      <line num="330" type="stmt" count="3"/>
      <line num="331" type="stmt" count="3"/>
      <line num="334" type="stmt" count="7"/>
      <line num="336" type="stmt" count="24"/>
      <line num="346" type="method" name="_get" visibility="private" complexity="1" crap="1" count="29"/>
      <line num="348" type="stmt" count="29"/>
      <line num="349" type="stmt" count="29"/>
      <line num="350" type="stmt" count="29"/>
      <line num="351" type="stmt" count="29"/>
      <line num="352" type="stmt" count="29"/>
      <line num="353" type="stmt" count="29"/>
      <line num="363" type="method" name="_getExpiredPastes" visibility="protected" complexity="7" crap="7.07" count="14"/>
      <line num="365" type="stmt" count="14"/>
      <line num="366" type="stmt" count="14"/>
      <line num="367" type="stmt" count="14"/>
      <line num="368" type="stmt" count="14"/>
      <line num="369" type="stmt" count="14"/>
      <line num="370" type="stmt" count="14"/>
      <line num="371" type="stmt" count="14"/>
      <line num="372" type="stmt" count="14"/>
      <line num="373" type="stmt" count="3"/>
      <line num="374" type="stmt" count="3"/>
      <line num="376" type="stmt" count="3"/>
      <line num="377" type="stmt" count="3"/>
      <line num="379" type="stmt" count="1"/>
      <line num="380" type="stmt" count="1"/>
      <line num="381" type="stmt" count="0"/>
      <line num="384" type="stmt" count="3"/>
      <line num="385" type="stmt" count="0"/>
      <line num="389" type="stmt" count="14"/>
      <line num="395" type="method" name="getAllPastes" visibility="public" complexity="3" crap="3" count="14"/>
      <line num="397" type="stmt" count="14"/>
      <line num="398" type="stmt" count="14"/>
      <line num="399" type="stmt" count="3"/>
      <line num="400" type="stmt" count="3"/>
      <line num="403" type="stmt" count="14"/>
      <line num="420" type="method" name="_dataid2path" visibility="private" complexity="1" crap="1" count="56"/>
      <line num="422" type="stmt" count="56"/>
      <line num="423" type="stmt" count="56"/>
      <line num="424" type="stmt" count="56"/>
      <line num="436" type="method" name="_dataid2discussionpath" visibility="private" complexity="1" crap="1" count="24"/>
      <line num="438" type="stmt" count="24"/>
      <line num="439" type="stmt" count="24"/>
      <line num="450" type="method" name="_store" visibility="private" complexity="2" crap="2" count="34"/>
      <line num="453" type="stmt" count="34"/>
      <line num="454" type="stmt" count="34"/>
      <line num="455" type="stmt" count="34"/>
      <line num="456" type="stmt" count="34"/>
      <line num="457" type="stmt" count="2"/>
      <line num="458" type="stmt" count="2"/>
      <line num="470" type="method" name="_storeString" visibility="private" complexity="13" crap="13.26" count="42"/>
      <line num="473" type="stmt" count="42"/>
      <line num="474" type="stmt" count="15"/>
      <line num="475" type="stmt" count="0"/>
      <line num="478" type="stmt" count="42"/>
      <line num="479" type="stmt" count="42"/>
      <line num="480" type="stmt" count="42"/>
      <line num="481" type="stmt" count="42"/>
      <line num="482" type="stmt" count="42"/>
      <line num="483" type="stmt" count="42"/>
      <line num="484" type="stmt" count="42"/>
      <line num="485" type="stmt" count="42"/>
      <line num="486" type="stmt" count="42"/>
      <line num="489" type="stmt" count="42"/>
      <line num="490" type="stmt" count="42"/>
      <line num="491" type="stmt" count="42"/>
      <line num="493" type="stmt" count="0"/>
      <line num="497" type="stmt" count="42"/>
      <line num="498" type="stmt" count="42"/>
      <line num="499" type="stmt" count="42"/>
      <line num="500" type="stmt" count="42"/>
      <line num="502" type="stmt" count="42"/>
      <line num="503" type="stmt" count="42"/>
      <line num="505" type="stmt" count="42"/>
      <line num="506" type="stmt" count="0"/>
      <line num="508" type="stmt" count="42"/>
      <line num="509" type="stmt" count="42"/>
      <line num="520" type="method" name="_prependRename" visibility="private" complexity="2" crap="2" count="1"/>
      <line num="523" type="stmt" count="1"/>
      <line num="524" type="stmt" count="1"/>
      <line num="525" type="stmt" count="1"/>
      <line num="526" type="stmt" count="1"/>
      <line num="527" type="stmt" count="1"/>
      <line num="529" type="stmt" count="1"/>
      <metrics loc="532" ncloc="330" classes="1" methods="18" coveredmethods="16" conditionals="0" coveredconditionals="0" statements="182" coveredstatements="177" elements="200" coveredelements="193"/>
    </file>
    <file name="/home/stantheman/Bureau/Semestre_5/TD_Automatisation_Production_RYSAK_TROHA_S5/lib/Data/GoogleCloudStorage.php">
      <class name="PrivateBin\Data\GoogleCloudStorage" namespace="global">
        <metrics complexity="66" methods="15" coveredmethods="6" conditionals="0" coveredconditionals="0" statements="139" coveredstatements="110" elements="154" coveredelements="116"/>
      </class>
      <line num="52" type="method" name="__construct" visibility="public" complexity="10" crap="10.36" count="43"/>
      <line num="54" type="stmt" count="43"/>
      <line num="55" type="stmt" count="0"/>
      <line num="57" type="stmt" count="43"/>
      <line num="58" type="stmt" count="43"/>
      <line num="60" type="stmt" count="43"/>
      <line num="61" type="stmt" count="43"/>
      <line num="63" type="stmt" count="43"/>
      <line num="64" type="stmt" count="32"/>
      <line num="67" type="stmt" count="43"/>
      <line num="68" type="stmt" count="43"/>
      <line num="69" type="stmt" count="0"/>
      <line num="70" type="stmt" count="43"/>
      <line num="71" type="stmt" count="43"/>
      <line num="82" type="method" name="_getKey" visibility="private" complexity="2" crap="2.15" count="41"/>
      <line num="84" type="stmt" count="41"/>
      <line num="85" type="stmt" count="41"/>
      <line num="87" type="stmt" count="0"/>
      <line num="100" type="method" name="_upload" visibility="private" complexity="5" crap="5" count="27"/>
      <line num="102" type="stmt" count="27"/>
      <line num="103" type="stmt" count="27"/>
      <line num="104" type="stmt" count="27"/>
      <line num="105" type="stmt" count="27"/>
      <line num="108" type="stmt" count="27"/>
      <line num="109" type="stmt" count="27"/>
      <line num="110" type="stmt" count="27"/>
      <line num="111" type="stmt" count="27"/>
      <line num="112" type="stmt" count="27"/>
      <line num="113" type="stmt" count="27"/>
      <line num="114" type="stmt" count="27"/>
      <line num="115" type="stmt" count="27"/>
      <line num="116" type="stmt" count="27"/>
      <line num="117" type="stmt" count="27"/>
      <line num="119" type="stmt" count="27"/>
      <line num="120" type="stmt" count="2"/>
      <line num="121" type="stmt" count="2"/>
      <line num="122" type="stmt" count="2"/>
      <line num="123" type="stmt" count="2"/>
      <line num="125" type="stmt" count="26"/>
      <line num="131" type="method" name="create" visibility="public" complexity="2" crap="2" count="27"/>
      <line num="133" type="stmt" count="27"/>
      <line num="134" type="stmt" count="1"/>
      <line num="137" type="stmt" count="27"/>
      <line num="143" type="method" name="read" visibility="public" complexity="3" crap="3.79" count="20"/>
      <line num="146" type="stmt" count="20"/>
      <line num="147" type="stmt" count="20"/>
      <line num="148" type="stmt" count="20"/>
      <line num="149" type="stmt" count="1"/>
      <line num="150" type="stmt" count="1"/>
      <line num="151" type="stmt" count="0"/>
      <line num="152" type="stmt" count="0"/>
      <line num="153" type="stmt" count="0"/>
      <line num="154" type="stmt" count="0"/>
      <line num="161" type="method" name="delete" visibility="public" complexity="5" crap="5.58" count="11"/>
      <line num="163" type="stmt" count="11"/>
      <line num="166" type="stmt" count="11"/>
      <line num="168" type="stmt" count="1"/>
      <line num="169" type="stmt" count="0"/>
      <line num="173" type="stmt" count="0"/>
      <line num="178" type="stmt" count="11"/>
      <line num="179" type="stmt" count="3"/>
      <line num="187" type="method" name="exists" visibility="public" complexity="1" crap="1" count="41"/>
      <line num="189" type="stmt" count="41"/>
      <line num="190" type="stmt" count="41"/>
      <line num="196" type="method" name="createComment" visibility="public" complexity="2" crap="2" count="4"/>
      <line num="198" type="stmt" count="4"/>
      <line num="199" type="stmt" count="1"/>
      <line num="201" type="stmt" count="4"/>
      <line num="202" type="stmt" count="4"/>
      <line num="208" type="method" name="readComments" visibility="public" complexity="3" crap="3.01" count="12"/>
      <line num="210" type="stmt" count="12"/>
      <line num="211" type="stmt" count="12"/>
      <line num="213" type="stmt" count="12"/>
      <line num="214" type="stmt" count="2"/>
      <line num="215" type="stmt" count="2"/>
      <line num="216" type="stmt" count="2"/>
      <line num="217" type="stmt" count="2"/>
      <line num="219" type="stmt" count="0"/>
      <line num="222" type="stmt" count="12"/>
      <line num="228" type="method" name="existsComment" visibility="public" complexity="1" crap="1" count="7"/>
      <line num="230" type="stmt" count="7"/>
      <line num="231" type="stmt" count="7"/>
      <line num="232" type="stmt" count="7"/>
      <line num="238" type="method" name="purgeValues" visibility="public" complexity="10" crap="11.56" count="6"/>
      <line num="240" type="stmt" count="6"/>
      <line num="242" type="stmt" count="6"/>
      <line num="243" type="stmt" count="3"/>
      <line num="244" type="stmt" count="3"/>
      <line num="245" type="stmt" count="0"/>
      <line num="247" type="stmt" count="3"/>
      <line num="248" type="stmt" count="3"/>
      <line num="249" type="stmt" count="3"/>
      <line num="250" type="stmt" count="3"/>
      <line num="252" type="stmt" count="2"/>
      <line num="253" type="stmt" count="0"/>
      <line num="259" type="stmt" count="0"/>
      <line num="269" type="method" name="setValue" visibility="public" complexity="5" crap="5.15" count="18"/>
      <line num="271" type="stmt" count="18"/>
      <line num="272" type="stmt" count="17"/>
      <line num="274" type="stmt" count="6"/>
      <line num="277" type="stmt" count="18"/>
      <line num="278" type="stmt" count="18"/>
      <line num="279" type="stmt" count="13"/>
      <line num="282" type="stmt" count="18"/>
      <line num="283" type="stmt" count="18"/>
      <line num="284" type="stmt" count="18"/>
      <line num="285" type="stmt" count="18"/>
      <line num="286" type="stmt" count="18"/>
      <line num="287" type="stmt" count="18"/>
      <line num="288" type="stmt" count="18"/>
      <line num="289" type="stmt" count="18"/>
      <line num="290" type="stmt" count="18"/>
      <line num="291" type="stmt" count="18"/>
      <line num="293" type="stmt" count="18"/>
      <line num="294" type="stmt" count="0"/>
      <line num="295" type="stmt" count="0"/>
      <line num="296" type="stmt" count="0"/>
      <line num="297" type="stmt" count="0"/>
      <line num="299" type="stmt" count="18"/>
      <line num="305" type="method" name="getValue" visibility="public" complexity="3" crap="3" count="18"/>
      <line num="307" type="stmt" count="18"/>
      <line num="308" type="stmt" count="17"/>
      <line num="310" type="stmt" count="6"/>
      <line num="313" type="stmt" count="18"/>
      <line num="314" type="stmt" count="18"/>
      <line num="315" type="stmt" count="18"/>
      <line num="316" type="stmt" count="18"/>
      <line num="323" type="method" name="_getExpiredPastes" visibility="protected" complexity="9" crap="9.19" count="11"/>
      <line num="325" type="stmt" count="11"/>
      <line num="327" type="stmt" count="11"/>
      <line num="328" type="stmt" count="11"/>
      <line num="329" type="stmt" count="11"/>
      <line num="330" type="stmt" count="11"/>
      <line num="333" type="stmt" count="11"/>
      <line num="334" type="stmt" count="2"/>
      <line num="335" type="stmt" count="2"/>
      <line num="336" type="stmt" count="1"/>
      <line num="337" type="stmt" count="1"/>
      <line num="338" type="stmt" count="1"/>
      <line num="342" type="stmt" count="2"/>
      <line num="343" type="stmt" count="0"/>
      <line num="346" type="stmt" count="0"/>
      <line num="349" type="stmt" count="11"/>
      <line num="355" type="method" name="getAllPastes" visibility="public" complexity="5" crap="30" count="0"/>
      <line num="357" type="stmt" count="0"/>
      <line num="358" type="stmt" count="0"/>
      <line num="359" type="stmt" count="0"/>
      <line num="360" type="stmt" count="0"/>
      <line num="364" type="stmt" count="0"/>
      <line num="365" type="stmt" count="0"/>
      <line num="366" type="stmt" count="0"/>
      <line num="367" type="stmt" count="0"/>
      <line num="370" type="stmt" count="0"/>
      <line num="373" type="stmt" count="0"/>
      <metrics loc="376" ncloc="282" classes="1" methods="15" coveredmethods="6" conditionals="0" coveredconditionals="0" statements="139" coveredstatements="110" elements="154" coveredelements="116"/>
    </file>
    <file name="/home/stantheman/Bureau/Semestre_5/TD_Automatisation_Production_RYSAK_TROHA_S5/lib/Data/S3Storage.php">
      <class name="PrivateBin\Data\S3Storage" namespace="global">
        <metrics complexity="75" methods="16" coveredmethods="0" conditionals="0" coveredconditionals="0" statements="182" coveredstatements="0" elements="198" coveredelements="0"/>
      </class>
      <line num="83" type="method" name="__construct" visibility="public" complexity="17" crap="306" count="0"/>
      <line num="85" type="stmt" count="0"/>
      <line num="87" type="stmt" count="0"/>
      <line num="88" type="stmt" count="0"/>
      <line num="90" type="stmt" count="0"/>
      <line num="91" type="stmt" count="0"/>
      <line num="93" type="stmt" count="0"/>
      <line num="94" type="stmt" count="0"/>
      <line num="96" type="stmt" count="0"/>
      <line num="97" type="stmt" count="0"/>
      <line num="99" type="stmt" count="0"/>
      <line num="100" type="stmt" count="0"/>
      <line num="102" type="stmt" count="0"/>
      <line num="103" type="stmt" count="0"/>
      <line num="105" type="stmt" count="0"/>
      <line num="106" type="stmt" count="0"/>
      <line num="108" type="stmt" count="0"/>
      <line num="109" type="stmt" count="0"/>
      <line num="112" type="stmt" count="0"/>
      <line num="122" type="method" name="_listAllObjects" visibility="private" complexity="2" crap="6" count="0"/>
      <line num="124" type="stmt" count="0"/>
      <line num="125" type="stmt" count="0"/>
      <line num="126" type="stmt" count="0"/>
      <line num="127" type="stmt" count="0"/>
      <line num="128" type="stmt" count="0"/>
      <line num="131" type="stmt" count="0"/>
      <line num="132" type="stmt" count="0"/>
      <line num="133" type="stmt" count="0"/>
      <line num="134" type="stmt" count="0"/>
      <line num="135" type="stmt" count="0"/>
      <line num="137" type="stmt" count="0"/>
      <line num="139" type="stmt" count="0"/>
      <line num="149" type="method" name="_getKey" visibility="private" complexity="2" crap="6" count="0"/>
      <line num="151" type="stmt" count="0"/>
      <line num="152" type="stmt" count="0"/>
      <line num="154" type="stmt" count="0"/>
      <line num="167" type="method" name="_upload" visibility="private" complexity="4" crap="20" count="0"/>
      <line num="169" type="stmt" count="0"/>
      <line num="170" type="stmt" count="0"/>
      <line num="171" type="stmt" count="0"/>
      <line num="172" type="stmt" count="0"/>
      <line num="175" type="stmt" count="0"/>
      <line num="176" type="stmt" count="0"/>
      <line num="177" type="stmt" count="0"/>
      <line num="178" type="stmt" count="0"/>
      <line num="179" type="stmt" count="0"/>
      <line num="180" type="stmt" count="0"/>
      <line num="181" type="stmt" count="0"/>
      <line num="182" type="stmt" count="0"/>
      <line num="183" type="stmt" count="0"/>
      <line num="184" type="stmt" count="0"/>
      <line num="185" type="stmt" count="0"/>
      <line num="187" type="stmt" count="0"/>
      <line num="193" type="method" name="create" visibility="public" complexity="2" crap="6" count="0"/>
      <line num="195" type="stmt" count="0"/>
      <line num="196" type="stmt" count="0"/>
      <line num="199" type="stmt" count="0"/>
      <line num="205" type="method" name="read" visibility="public" complexity="2" crap="6" count="0"/>
      <line num="208" type="stmt" count="0"/>
      <line num="209" type="stmt" count="0"/>
      <line num="210" type="stmt" count="0"/>
      <line num="211" type="stmt" count="0"/>
      <line num="212" type="stmt" count="0"/>
      <line num="213" type="stmt" count="0"/>
      <line num="214" type="stmt" count="0"/>
      <line num="215" type="stmt" count="0"/>
      <line num="216" type="stmt" count="0"/>
      <line num="217" type="stmt" count="0"/>
      <line num="224" type="method" name="delete" visibility="public" complexity="5" crap="30" count="0"/>
      <line num="226" type="stmt" count="0"/>
      <line num="229" type="stmt" count="0"/>
      <line num="230" type="stmt" count="0"/>
      <line num="232" type="stmt" count="0"/>
      <line num="233" type="stmt" count="0"/>
      <line num="234" type="stmt" count="0"/>
      <line num="235" type="stmt" count="0"/>
      <line num="236" type="stmt" count="0"/>
      <line num="240" type="stmt" count="0"/>
      <line num="245" type="stmt" count="0"/>
      <line num="246" type="stmt" count="0"/>
      <line num="247" type="stmt" count="0"/>
      <line num="248" type="stmt" count="0"/>
      <line num="249" type="stmt" count="0"/>
      <line num="257" type="method" name="exists" visibility="public" complexity="1" crap="2" count="0"/>
      <line num="259" type="stmt" count="0"/>
      <line num="265" type="method" name="createComment" visibility="public" complexity="2" crap="6" count="0"/>
      <line num="267" type="stmt" count="0"/>
      <line num="268" type="stmt" count="0"/>
      <line num="270" type="stmt" count="0"/>
      <line num="271" type="stmt" count="0"/>
      <line num="277" type="method" name="readComments" visibility="public" complexity="3" crap="12" count="0"/>
      <line num="279" type="stmt" count="0"/>
      <line num="280" type="stmt" count="0"/>
      <line num="282" type="stmt" count="0"/>
      <line num="283" type="stmt" count="0"/>
      <line num="284" type="stmt" count="0"/>
      <line num="285" type="stmt" count="0"/>
      <line num="286" type="stmt" count="0"/>
      <line num="287" type="stmt" count="0"/>
      <line num="288" type="stmt" count="0"/>
      <line num="289" type="stmt" count="0"/>
      <line num="290" type="stmt" count="0"/>
      <line num="291" type="stmt" count="0"/>
      <line num="292" type="stmt" count="0"/>
      <line num="293" type="stmt" count="0"/>
      <line num="295" type="stmt" count="0"/>
      <line num="298" type="stmt" count="0"/>
      <line num="304" type="method" name="existsComment" visibility="public" complexity="1" crap="2" count="0"/>
      <line num="306" type="stmt" count="0"/>
      <line num="307" type="stmt" count="0"/>
      <line num="313" type="method" name="purgeValues" visibility="public" complexity="11" crap="132" count="0"/>
      <line num="315" type="stmt" count="0"/>
      <line num="316" type="stmt" count="0"/>
      <line num="317" type="stmt" count="0"/>
      <line num="319" type="stmt" count="0"/>
      <line num="322" type="stmt" count="0"/>
      <line num="323" type="stmt" count="0"/>
      <line num="324" type="stmt" count="0"/>
      <line num="325" type="stmt" count="0"/>
      <line num="327" type="stmt" count="0"/>
      <line num="328" type="stmt" count="0"/>
      <line num="329" type="stmt" count="0"/>
      <line num="330" type="stmt" count="0"/>
      <line num="331" type="stmt" count="0"/>
      <line num="332" type="stmt" count="0"/>
      <line num="333" type="stmt" count="0"/>
      <line num="335" type="stmt" count="0"/>
      <line num="336" type="stmt" count="0"/>
      <line num="337" type="stmt" count="0"/>
      <line num="338" type="stmt" count="0"/>
      <line num="339" type="stmt" count="0"/>
      <line num="345" type="stmt" count="0"/>
      <line num="355" type="method" name="setValue" visibility="public" complexity="5" crap="30" count="0"/>
      <line num="357" type="stmt" count="0"/>
      <line num="358" type="stmt" count="0"/>
      <line num="359" type="stmt" count="0"/>
      <line num="362" type="stmt" count="0"/>
      <line num="363" type="stmt" count="0"/>
      <line num="365" type="stmt" count="0"/>
      <line num="368" type="stmt" count="0"/>
      <line num="369" type="stmt" count="0"/>
      <line num="370" type="stmt" count="0"/>
      <line num="373" type="stmt" count="0"/>
      <line num="374" type="stmt" count="0"/>
      <line num="375" type="stmt" count="0"/>
      <line num="376" type="stmt" count="0"/>
      <line num="377" type="stmt" count="0"/>
      <line num="378" type="stmt" count="0"/>
      <line num="379" type="stmt" count="0"/>
      <line num="380" type="stmt" count="0"/>
      <line num="381" type="stmt" count="0"/>
      <line num="382" type="stmt" count="0"/>
      <line num="383" type="stmt" count="0"/>
      <line num="385" type="stmt" count="0"/>
      <line num="391" type="method" name="getValue" visibility="public" complexity="4" crap="20" count="0"/>
      <line num="393" type="stmt" count="0"/>
      <line num="394" type="stmt" count="0"/>
      <line num="395" type="stmt" count="0"/>
      <line num="398" type="stmt" count="0"/>
      <line num="399" type="stmt" count="0"/>
      <line num="401" type="stmt" count="0"/>
      <line num="405" type="stmt" count="0"/>
      <line num="406" type="stmt" count="0"/>
      <line num="407" type="stmt" count="0"/>
      <line num="408" type="stmt" count="0"/>
      <line num="409" type="stmt" count="0"/>
      <line num="410" type="stmt" count="0"/>
      <line num="411" type="stmt" count="0"/>
      <line num="418" type="method" name="_getExpiredPastes" visibility="protected" complexity="9" crap="90" count="0"/>
      <line num="420" type="stmt" count="0"/>
      <line num="421" type="stmt" count="0"/>
      <line num="422" type="stmt" count="0"/>
      <line num="423" type="stmt" count="0"/>
      <line num="424" type="stmt" count="0"/>
      <line num="428" type="stmt" count="0"/>
      <line num="429" type="stmt" count="0"/>
      <line num="430" type="stmt" count="0"/>
      <line num="431" type="stmt" count="0"/>
      <line num="432" type="stmt" count="0"/>
      <line num="433" type="stmt" count="0"/>
      <line num="434" type="stmt" count="0"/>
      <line num="435" type="stmt" count="0"/>
      <line num="436" type="stmt" count="0"/>
      <line num="440" type="stmt" count="0"/>
      <line num="441" type="stmt" count="0"/>
      <line num="444" type="stmt" count="0"/>
      <line num="447" type="stmt" count="0"/>
      <line num="453" type="method" name="getAllPastes" visibility="public" complexity="5" crap="30" count="0"/>
      <line num="455" type="stmt" count="0"/>
      <line num="456" type="stmt" count="0"/>
      <line num="457" type="stmt" count="0"/>
      <line num="458" type="stmt" count="0"/>
      <line num="462" type="stmt" count="0"/>
      <line num="463" type="stmt" count="0"/>
      <line num="464" type="stmt" count="0"/>
      <line num="465" type="stmt" count="0"/>
      <line num="468" type="stmt" count="0"/>
      <line num="471" type="stmt" count="0"/>
      <metrics loc="474" ncloc="340" classes="1" methods="16" coveredmethods="0" conditionals="0" coveredconditionals="0" statements="182" coveredstatements="0" elements="198" coveredelements="0"/>
    </file>
    <file name="/home/stantheman/Bureau/Semestre_5/TD_Automatisation_Production_RYSAK_TROHA_S5/lib/Filter.php">
      <class name="PrivateBin\Filter" namespace="global">
        <metrics complexity="8" methods="2" coveredmethods="2" conditionals="0" coveredconditionals="0" statements="17" coveredstatements="17" elements="19" coveredelements="19"/>
      </class>
      <line num="35" type="method" name="formatHumanReadableTime" visibility="public" complexity="5" crap="5" count="34"/>
      <line num="37" type="stmt" count="34"/>
      <line num="38" type="stmt" count="1"/>
      <line num="40" type="stmt" count="33"/>
      <line num="41" type="stmt" count="33"/>
      <line num="42" type="stmt" count="1"/>
      <line num="43" type="stmt" count="1"/>
      <line num="44" type="stmt" count="33"/>
      <line num="45" type="stmt" count="33"/>
      <line num="46" type="stmt" count="33"/>
      <line num="48" type="stmt" count="33"/>
      <line num="50" type="stmt" count="33"/>
      <line num="61" type="method" name="formatHumanReadableSize" visibility="public" complexity="3" crap="3" count="4"/>
      <line num="63" type="stmt" count="4"/>
      <line num="64" type="stmt" count="4"/>
      <line num="65" type="stmt" count="4"/>
      <line num="66" type="stmt" count="1"/>
      <line num="67" type="stmt" count="1"/>
      <line num="69" type="stmt" count="4"/>
      <metrics loc="72" ncloc="38" classes="1" methods="2" coveredmethods="2" conditionals="0" coveredconditionals="0" statements="17" coveredstatements="17" elements="19" coveredelements="19"/>
    </file>
    <file name="/home/stantheman/Bureau/Semestre_5/TD_Automatisation_Production_RYSAK_TROHA_S5/lib/FormatV2.php">
      <class name="PrivateBin\FormatV2" namespace="global">
        <metrics complexity="27" methods="1" coveredmethods="1" conditionals="0" coveredconditionals="0" statements="45" coveredstatements="45" elements="46" coveredelements="46"/>
      </class>
      <line num="33" type="method" name="isValid" visibility="public" complexity="27" crap="27" count="57"/>
      <line num="35" type="stmt" count="57"/>
      <line num="36" type="stmt" count="57"/>
      <line num="37" type="stmt" count="16"/>
      <line num="38" type="stmt" count="16"/>
      <line num="40" type="stmt" count="42"/>
      <line num="44" type="stmt" count="57"/>
      <line num="45" type="stmt" count="4"/>
      <line num="49" type="stmt" count="54"/>
      <line num="50" type="stmt" count="54"/>
      <line num="51" type="stmt" count="1"/>
      <line num="56" type="stmt" count="54"/>
      <line num="57" type="stmt" count="3"/>
      <line num="60" type="stmt" count="51"/>
      <line num="64" type="stmt" count="51"/>
      <line num="65" type="stmt" count="1"/>
      <line num="68" type="stmt" count="51"/>
      <line num="69" type="stmt" count="1"/>
      <line num="72" type="stmt" count="51"/>
      <line num="73" type="stmt" count="1"/>
      <line num="78" type="stmt" count="51"/>
      <line num="79" type="stmt" count="1"/>
      <line num="82" type="stmt" count="51"/>
      <line num="83" type="stmt" count="1"/>
      <line num="88" type="stmt" count="51"/>
      <line num="89" type="stmt" count="1"/>
      <line num="92" type="stmt" count="51"/>
      <line num="93" type="stmt" count="1"/>
      <line num="96" type="stmt" count="51"/>
      <line num="97" type="stmt" count="1"/>
      <line num="100" type="stmt" count="51"/>
      <line num="101" type="stmt" count="1"/>
      <line num="104" type="stmt" count="51"/>
      <line num="105" type="stmt" count="1"/>
      <line num="108" type="stmt" count="51"/>
      <line num="109" type="stmt" count="1"/>
      <line num="112" type="stmt" count="51"/>
      <line num="113" type="stmt" count="1"/>
      <line num="117" type="stmt" count="51"/>
      <line num="118" type="stmt" count="1"/>
      <line num="122" type="stmt" count="51"/>
      <line num="123" type="stmt" count="51"/>
      <line num="124" type="stmt" count="51"/>
      <line num="125" type="stmt" count="51"/>
      <line num="127" type="stmt" count="1"/>
      <line num="130" type="stmt" count="51"/>
      <metrics loc="133" ncloc="87" classes="1" methods="1" coveredmethods="1" conditionals="0" coveredconditionals="0" statements="45" coveredstatements="45" elements="46" coveredelements="46"/>
    </file>
    <file name="/home/stantheman/Bureau/Semestre_5/TD_Automatisation_Production_RYSAK_TROHA_S5/lib/I18n.php">
      <class name="PrivateBin\I18n" namespace="global">
        <metrics complexity="104" methods="13" coveredmethods="11" conditionals="0" coveredconditionals="0" statements="130" coveredstatements="126" elements="143" coveredelements="137"/>
      </class>
      <line num="85" type="method" name="_" visibility="public" complexity="1" crap="1" count="104"/>
      <line num="87" type="stmt" count="104"/>
      <line num="99" type="method" name="translate" visibility="public" complexity="13" crap="13" count="104"/>
      <line num="101" type="stmt" count="104"/>
      <line num="102" type="stmt" count="31"/>
      <line num="104" type="stmt" count="104"/>
      <line num="105" type="stmt" count="81"/>
      <line num="107" type="stmt" count="104"/>
      <line num="108" type="stmt" count="104"/>
      <line num="109" type="stmt" count="33"/>
      <line num="111" type="stmt" count="104"/>
      <line num="112" type="stmt" count="88"/>
      <line num="114" type="stmt" count="104"/>
      <line num="115" type="stmt" count="104"/>
      <line num="116" type="stmt" count="43"/>
      <line num="117" type="stmt" count="43"/>
      <line num="118" type="stmt" count="43"/>
      <line num="119" type="stmt" count="43"/>
      <line num="120" type="stmt" count="0"/>
      <line num="123" type="stmt" count="43"/>
      <line num="124" type="stmt" count="43"/>
      <line num="126" type="stmt" count="103"/>
      <line num="129" type="stmt" count="104"/>
      <line num="130" type="stmt" count="104"/>
      <line num="131" type="stmt" count="60"/>
      <line num="132" type="stmt" count="60"/>
      <line num="133" type="stmt" count="60"/>
      <line num="137" type="stmt" count="104"/>
      <line num="148" type="method" name="encode" visibility="public" complexity="1" crap="1" count="60"/>
      <line num="150" type="stmt" count="60"/>
      <line num="161" type="method" name="loadTranslations" visibility="public" complexity="4" crap="4" count="92"/>
      <line num="163" type="stmt" count="92"/>
      <line num="167" type="stmt" count="92"/>
      <line num="168" type="stmt" count="92"/>
      <line num="170" type="stmt" count="10"/>
      <line num="174" type="stmt" count="82"/>
      <line num="175" type="stmt" count="82"/>
      <line num="176" type="stmt" count="82"/>
      <line num="180" type="stmt" count="92"/>
      <line num="181" type="stmt" count="92"/>
      <line num="182" type="stmt" count="92"/>
      <line num="183" type="stmt" count="92"/>
      <line num="193" type="method" name="getAvailableLanguages" visibility="public" complexity="4" crap="4" count="137"/>
      <line num="195" type="stmt" count="137"/>
      <line num="196" type="stmt" count="121"/>
      <line num="197" type="stmt" count="121"/>
      <line num="198" type="stmt" count="121"/>
      <line num="199" type="stmt" count="121"/>
      <line num="203" type="stmt" count="137"/>
      <line num="215" type="method" name="getBrowserLanguages" visibility="public" complexity="6" crap="6" count="82"/>
      <line num="217" type="stmt" count="82"/>
      <line num="218" type="stmt" count="82"/>
      <line num="219" type="stmt" count="13"/>
      <line num="220" type="stmt" count="13"/>
      <line num="221" type="stmt" count="13"/>
      <line num="222" type="stmt" count="13"/>
      <line num="223" type="stmt" count="13"/>
      <line num="224" type="stmt" count="13"/>
      <line num="225" type="stmt" count="13"/>
      <line num="226" type="stmt" count="6"/>
      <line num="228" type="stmt" count="9"/>
      <line num="230" type="stmt" count="13"/>
      <line num="231" type="stmt" count="13"/>
      <line num="233" type="stmt" count="13"/>
      <line num="236" type="stmt" count="13"/>
      <line num="238" type="stmt" count="82"/>
      <line num="248" type="method" name="getLanguage" visibility="public" complexity="1" crap="1" count="3"/>
[...]
      <class name="PrivateBin\Persistence\ServerSalt" namespace="global">
        <metrics complexity="6" methods="3" coveredmethods="2" conditionals="0" coveredconditionals="0" statements="12" coveredstatements="11" elements="15" coveredelements="13"/>
      </class>
      <line num="45" type="method" name="generate" visibility="public" complexity="1" crap="1" count="126"/>
      <line num="47" type="stmt" count="126"/>
      <line num="57" type="method" name="get" visibility="public" complexity="4" crap="4.02" count="37"/>
      <line num="59" type="stmt" count="37"/>
      <line num="60" type="stmt" count="9"/>
      <line num="63" type="stmt" count="37"/>
      <line num="64" type="stmt" count="37"/>
      <line num="65" type="stmt" count="10"/>
      <line num="67" type="stmt" count="32"/>
      <line num="68" type="stmt" count="32"/>
      <line num="69" type="stmt" count="0"/>
      <line num="72" type="stmt" count="37"/>
      <line num="82" type="method" name="setStore" visibility="public" complexity="1" crap="1" count="151"/>
      <line num="84" type="stmt" count="151"/>
      <line num="85" type="stmt" count="151"/>
      <metrics loc="88" ncloc="40" classes="1" methods="3" coveredmethods="2" conditionals="0" coveredconditionals="0" statements="12" coveredstatements="11" elements="15" coveredelements="13"/>
    </file>
    <file name="/home/stantheman/Bureau/Semestre_5/TD_Automatisation_Production_RYSAK_TROHA_S5/lib/Persistence/TrafficLimiter.php">
      <class name="PrivateBin\Persistence\TrafficLimiter" namespace="global">
        <metrics complexity="24" methods="7" coveredmethods="6" conditionals="0" coveredconditionals="0" statements="52" coveredstatements="51" elements="59" coveredelements="57"/>
      </class>
      <line num="72" type="method" name="setConfiguration" visibility="public" complexity="4" crap="4" count="56"/>
      <line num="74" type="stmt" count="56"/>
      <line num="75" type="stmt" count="56"/>
      <line num="76" type="stmt" count="56"/>
      <line num="78" type="stmt" count="56"/>
      <line num="79" type="stmt" count="3"/>
      <line num="80" type="stmt" count="3"/>
      <line num="81" type="stmt" count="3"/>
      <line num="93" type="method" name="setCreators" visibility="public" complexity="1" crap="1" count="57"/>
      <line num="95" type="stmt" count="57"/>
      <line num="105" type="method" name="setExempted" visibility="public" complexity="1" crap="1" count="57"/>
      <line num="107" type="stmt" count="57"/>
      <line num="117" type="method" name="setLimit" visibility="public" complexity="1" crap="1" count="57"/>
      <line num="119" type="stmt" count="57"/>
      <line num="130" type="method" name="getHash" visibility="public" complexity="1" crap="1" count="29"/>
      <line num="132" type="stmt" count="29"/>
      <line num="143" type="method" name="matchIp" visibility="private" complexity="4" crap="4" count="2"/>
      <line num="145" type="stmt" count="2"/>
      <line num="146" type="stmt" count="2"/>
      <line num="148" type="stmt" count="2"/>
      <line num="149" type="stmt" count="2"/>
      <line num="150" type="stmt" count="2"/>
      <line num="151" type="stmt" count="2"/>
      <line num="152" type="stmt" count="2"/>
      <line num="155" type="stmt" count="2"/>
      <line num="156" type="stmt" count="2"/>
      <line num="159" type="stmt" count="2"/>
      <line num="160" type="stmt" count="2"/>
      <line num="163" type="stmt" count="2"/>
      <line num="174" type="method" name="canPass" visibility="public" complexity="12" crap="12" count="60"/>
      <line num="178" type="stmt" count="60"/>
      <line num="179" type="stmt" count="1"/>
      <line num="180" type="stmt" count="1"/>
      <line num="181" type="stmt" count="1"/>
      <line num="182" type="stmt" count="1"/>
      <line num="185" type="stmt" count="1"/>
      <line num="189" type="stmt" count="59"/>
      <line num="190" type="stmt" count="47"/>
      <line num="194" type="stmt" count="15"/>
      <line num="195" type="stmt" count="1"/>
      <line num="196" type="stmt" count="1"/>
      <line num="197" type="stmt" count="1"/>
      <line num="198" type="stmt" count="1"/>
      <line num="204" type="stmt" count="15"/>
      <line num="205" type="stmt" count="15"/>
      <line num="206" type="stmt" count="15"/>
      <line num="207" type="stmt" count="15"/>
      <line num="208" type="stmt" count="15"/>
      <line num="209" type="stmt" count="5"/>
      <line num="211" type="stmt" count="15"/>
      <line num="212" type="stmt" count="15"/>
      <line num="214" type="stmt" count="15"/>
      <line num="215" type="stmt" count="0"/>
      <line num="217" type="stmt" count="15"/>
      <line num="218" type="stmt" count="15"/>
      <line num="220" type="stmt" count="5"/>
      <line num="221" type="stmt" count="5"/>
      <line num="222" type="stmt" count="5"/>
      <line num="223" type="stmt" count="5"/>
      <metrics loc="226" ncloc="124" classes="1" methods="7" coveredmethods="6" conditionals="0" coveredconditionals="0" statements="52" coveredstatements="51" elements="59" coveredelements="57"/>
    </file>
    <file name="/home/stantheman/Bureau/Semestre_5/TD_Automatisation_Production_RYSAK_TROHA_S5/lib/Request.php">
      <class name="PrivateBin\Request" namespace="global">
        <metrics complexity="58" methods="10" coveredmethods="9" conditionals="0" coveredconditionals="0" statements="92" coveredstatements="91" elements="102" coveredelements="100"/>
      </class>
      <line num="83" type="method" name="getPasteId" visibility="private" complexity="4" crap="4" count="38"/>
      <line num="86" type="stmt" count="38"/>
      <line num="88" type="stmt" count="38"/>
      <line num="90" type="stmt" count="38"/>
      <line num="91" type="stmt" count="35"/>
      <line num="95" type="stmt" count="3"/>
      <line num="103" type="method" name="__construct" visibility="public" complexity="22" crap="22" count="133"/>
      <line num="106" type="stmt" count="133"/>
      <line num="109" type="stmt" count="133"/>
      <line num="110" type="stmt" count="133"/>
      <line num="111" type="stmt" count="132"/>
      <line num="112" type="stmt" count="130"/>
      <line num="114" type="stmt" count="65"/>
      <line num="116" type="stmt" count="65"/>
      <line num="117" type="stmt" count="65"/>
      <line num="118" type="stmt" count="65"/>
      <line num="119" type="stmt" count="4"/>
      <line num="122" type="stmt" count="65"/>
      <line num="124" type="stmt" count="68"/>
      <line num="127" type="stmt" count="133"/>
      <line num="128" type="stmt" count="133"/>
      <line num="129" type="stmt" count="133"/>
      <line num="130" type="stmt" count="133"/>
      <line num="131" type="stmt" count="133"/>
      <line num="133" type="stmt" count="38"/>
      <line num="137" type="stmt" count="133"/>
      <line num="138" type="stmt" count="73"/>
      <line num="139" type="stmt" count="25"/>
      <line num="140" type="stmt" count="48"/>
      <line num="141" type="stmt" count="73"/>
      <line num="143" type="stmt" count="60"/>
      <line num="144" type="stmt" count="5"/>
      <line num="145" type="stmt" count="55"/>
      <line num="146" type="stmt" count="2"/>
      <line num="147" type="stmt" count="2"/>
      <line num="158" type="method" name="getOperation" visibility="public" complexity="1" crap="1" count="132"/>
      <line num="160" type="stmt" count="132"/>
      <line num="169" type="method" name="getData" visibility="public" complexity="4" crap="4" count="56"/>
      <line num="171" type="stmt" count="56"/>
      <line num="172" type="stmt" count="56"/>
      <line num="173" type="stmt" count="56"/>
      <line num="174" type="stmt" count="56"/>
      <line num="175" type="stmt" count="56"/>
      <line num="176" type="stmt" count="56"/>
      <line num="177" type="stmt" count="18"/>
      <line num="178" type="stmt" count="18"/>
      <line num="180" type="stmt" count="38"/>
      <line num="182" type="stmt" count="56"/>
      <line num="183" type="stmt" count="56"/>
      <line num="186" type="stmt" count="56"/>
      <line num="187" type="stmt" count="56"/>
      <line num="198" type="method" name="getParam" visibility="public" complexity="2" crap="2" count="122"/>
      <line num="200" type="stmt" count="122"/>
      <line num="201" type="stmt" count="122"/>
      <line num="210" type="method" name="getHost" visibility="public" complexity="2" crap="2" count="30"/>
      <line num="212" type="stmt" count="30"/>
      <line num="213" type="stmt" count="3"/>
      <line num="214" type="stmt" count="30"/>
      <line num="223" type="method" name="getRequestUri" visibility="public" complexity="2" crap="2" count="120"/>
      <line num="225" type="stmt" count="120"/>
      <line num="226" type="stmt" count="120"/>
      <line num="227" type="stmt" count="120"/>
      <line num="228" type="stmt" count="120"/>
      <line num="237" type="method" name="isJsonApiCall" visibility="public" complexity="1" crap="1" count="127"/>
      <line num="239" type="stmt" count="127"/>
      <line num="247" type="method" name="setInputStream" visibility="public" complexity="1" crap="1" count="65"/>
      <line num="249" type="stmt" count="65"/>
      <line num="260" type="method" name="_detectJsonRequest" visibility="private" complexity="19" crap="19" count="133"/>
      <line num="262" type="stmt" count="133"/>
      <line num="263" type="stmt" count="133"/>
      <line num="267" type="stmt" count="133"/>
      <line num="268" type="stmt" count="85"/>
      <line num="269" type="stmt" count="133"/>
      <line num="270" type="stmt" count="133"/>
      <line num="271" type="stmt" count="133"/>
      <line num="272" type="stmt" count="133"/>
      <line num="274" type="stmt" count="87"/>
      <line num="278" type="stmt" count="46"/>
      <line num="279" type="stmt" count="46"/>
      <line num="280" type="stmt" count="4"/>
      <line num="281" type="stmt" count="4"/>
      <line num="282" type="stmt" count="4"/>
      <line num="283" type="stmt" count="4"/>
      <line num="284" type="stmt" count="4"/>
      <line num="285" type="stmt" count="4"/>
      <line num="286" type="stmt" count="4"/>
      <line num="287" type="stmt" count="4"/>
      <line num="289" type="stmt" count="4"/>
      <line num="291" type="stmt" count="4"/>
      <line num="292" type="stmt" count="4"/>
      <line num="294" type="stmt" count="4"/>
      <line num="297" type="stmt" count="4"/>
      <line num="298" type="stmt" count="4"/>
      <line num="299" type="stmt" count="4"/>
      <line num="300" type="stmt" count="0"/>
      <line num="302" type="stmt" count="4"/>
      <line num="304" type="stmt" count="4"/>
      <line num="305" type="stmt" count="4"/>
      <line num="307" type="stmt" count="2"/>
      <line num="308" type="stmt" count="2"/>
      <line num="309" type="stmt" count="1"/>
      <line num="314" type="stmt" count="43"/>
      <metrics loc="317" ncloc="191" classes="1" methods="10" coveredmethods="9" conditionals="0" coveredconditionals="0" statements="92" coveredstatements="91" elements="102" coveredelements="100"/>
    </file>
    <file name="/home/stantheman/Bureau/Semestre_5/TD_Automatisation_Production_RYSAK_TROHA_S5/lib/View.php">
      <class name="PrivateBin\View" namespace="global">
        <metrics complexity="4" methods="2" coveredmethods="2" conditionals="0" coveredconditionals="0" statements="7" coveredstatements="7" elements="9" coveredelements="9"/>
      </class>
      <line num="39" type="method" name="assign" visibility="public" complexity="1" crap="1" count="34"/>
      <line num="41" type="stmt" count="34"/>
      <line num="51" type="method" name="draw" visibility="public" complexity="3" crap="3" count="34"/>
      <line num="53" type="stmt" count="34"/>
      <line num="54" type="stmt" count="34"/>
      <line num="55" type="stmt" count="34"/>
      <line num="56" type="stmt" count="1"/>
      <line num="58" type="stmt" count="34"/>
      <line num="59" type="stmt" count="34"/>
      <metrics loc="62" ncloc="27" classes="1" methods="2" coveredmethods="2" conditionals="0" coveredconditionals="0" statements="7" coveredstatements="7" elements="9" coveredelements="9"/>
    </file>
    <file name="/home/stantheman/Bureau/Semestre_5/TD_Automatisation_Production_RYSAK_TROHA_S5/lib/Vizhash16x16.php">
      <class name="PrivateBin\Vizhash16x16" namespace="global">
        <metrics complexity="19" methods="7" coveredmethods="6" conditionals="0" coveredconditionals="0" statements="71" coveredstatements="70" elements="78" coveredelements="76"/>
      </class>
      <line num="65" type="method" name="__construct" visibility="public" complexity="1" crap="1" count="2"/>
      <line num="67" type="stmt" count="2"/>
      <line num="68" type="stmt" count="2"/>
      <line num="80" type="method" name="generate" visibility="public" complexity="5" crap="5" count="2"/>
      <line num="82" type="stmt" count="2"/>
      <line num="83" type="stmt" count="0"/>
      <line num="86" type="stmt" count="2"/>
      <line num="89" type="stmt" count="2"/>
      <line num="90" type="stmt" count="2"/>
      <line num="91" type="stmt" count="2"/>
      <line num="93" type="stmt" count="2"/>
      <line num="96" type="stmt" count="2"/>
      <line num="98" type="stmt" count="2"/>
      <line num="99" type="stmt" count="2"/>
      <line num="100" type="stmt" count="2"/>
      <line num="103" type="stmt" count="2"/>
      <line num="104" type="stmt" count="2"/>
      <line num="105" type="stmt" count="2"/>
      <line num="107" type="stmt" count="2"/>
      <line num="109" type="stmt" count="2"/>
      <line num="110" type="stmt" count="2"/>
      <line num="111" type="stmt" count="2"/>
      <line num="112" type="stmt" count="2"/>
      <line num="113" type="stmt" count="2"/>
      <line num="114" type="stmt" count="2"/>
      <line num="115" type="stmt" count="2"/>
      <line num="118" type="stmt" count="2"/>
      <line num="119" type="stmt" count="2"/>
      <line num="120" type="stmt" count="2"/>
      <line num="121" type="stmt" count="2"/>
      <line num="122" type="stmt" count="2"/>
      <line num="123" type="stmt" count="2"/>
      <line num="124" type="stmt" count="2"/>
      <line num="126" type="stmt" count="2"/>
      <line num="135" type="method" name="getInt" visibility="private" complexity="1" crap="1" count="2"/>
      <line num="137" type="stmt" count="2"/>
      <line num="138" type="stmt" count="2"/>
      <line num="139" type="stmt" count="2"/>
      <line num="140" type="stmt" count="2"/>
      <line num="149" type="method" name="getX" visibility="private" complexity="1" crap="1" count="2"/>
      <line num="151" type="stmt" count="2"/>
      <line num="160" type="method" name="getY" visibility="private" complexity="1" crap="1" count="2"/>
      <line num="162" type="stmt" count="2"/>
      <line num="178" type="method" name="degrade" visibility="private" complexity="4" crap="4" count="2"/>
      <line num="180" type="stmt" count="2"/>
      <line num="181" type="stmt" count="2"/>
      <line num="182" type="stmt" count="2"/>
      <line num="184" type="stmt" count="1"/>
      <line num="185" type="stmt" count="1"/>
      <line num="187" type="stmt" count="2"/>
      <line num="188" type="stmt" count="2"/>
      <line num="189" type="stmt" count="2"/>
      <line num="190" type="stmt" count="2"/>
      <line num="191" type="stmt" count="2"/>
      <line num="192" type="stmt" count="2"/>
      <line num="193" type="stmt" count="2"/>
      <line num="194" type="stmt" count="2"/>
      <line num="195" type="stmt" count="2"/>
      <line num="196" type="stmt" count="2"/>
      <line num="197" type="stmt" count="2"/>
      <line num="199" type="stmt" count="1"/>
      <line num="202" type="stmt" count="2"/>
      <line num="213" type="method" name="drawshape" visibility="private" complexity="6" crap="6" count="2"/>
      <line num="215" type="stmt" count="2"/>
      <line num="216" type="stmt" count="2"/>
      <line num="217" type="stmt" count="1"/>
      <line num="218" type="stmt" count="1"/>
      <line num="219" type="stmt" count="2"/>
      <line num="220" type="stmt" count="2"/>
      <line num="221" type="stmt" count="2"/>
      <line num="222" type="stmt" count="2"/>
      <line num="223" type="stmt" count="2"/>
      <line num="224" type="stmt" count="2"/>
      <line num="225" type="stmt" count="2"/>
      <line num="226" type="stmt" count="2"/>
      <line num="228" type="stmt" count="2"/>
      <line num="229" type="stmt" count="2"/>
      <line num="230" type="stmt" count="2"/>
      <metrics loc="234" ncloc="131" classes="1" methods="7" coveredmethods="6" conditionals="0" coveredconditionals="0" statements="71" coveredstatements="70" elements="78" coveredelements="76"/>
    </file>
    <file name="/home/stantheman/Bureau/Semestre_5/TD_Automatisation_Production_RYSAK_TROHA_S5/lib/YourlsProxy.php">
      <class name="PrivateBin\YourlsProxy" namespace="global">
        <metrics complexity="11" methods="4" coveredmethods="4" conditionals="0" coveredconditionals="0" statements="39" coveredstatements="39" elements="43" coveredelements="43"/>
      </class>
      <line num="49" type="method" name="__construct" visibility="public" complexity="8" crap="8" count="6"/>
      <line num="51" type="stmt" count="6"/>
      <line num="52" type="stmt" count="1"/>
      <line num="53" type="stmt" count="1"/>
      <line num="56" type="stmt" count="5"/>
      <line num="57" type="stmt" count="5"/>
      <line num="58" type="stmt" count="1"/>
      <line num="59" type="stmt" count="1"/>
      <line num="62" type="stmt" count="4"/>
      <line num="63" type="stmt" count="4"/>
      <line num="64" type="stmt" count="4"/>
      <line num="65" type="stmt" count="4"/>
      <line num="66" type="stmt" count="4"/>
      <line num="67" type="stmt" count="4"/>
      <line num="68" type="stmt" count="4"/>
      <line num="69" type="stmt" count="4"/>
      <line num="70" type="stmt" count="4"/>
      <line num="71" type="stmt" count="4"/>
      <line num="72" type="stmt" count="4"/>
      <line num="73" type="stmt" count="4"/>
      <line num="74" type="stmt" count="4"/>
      <line num="75" type="stmt" count="4"/>
      <line num="76" type="stmt" count="4"/>
      <line num="77" type="stmt" count="4"/>
      <line num="78" type="stmt" count="4"/>
      <line num="79" type="stmt" count="4"/>
      <line num="81" type="stmt" count="4"/>
      <line num="82" type="stmt" count="1"/>
      <line num="83" type="stmt" count="1"/>
      <line num="84" type="stmt" count="1"/>
      <line num="85" type="stmt" count="1"/>
      <line num="89" type="stmt" count="3"/>
      <line num="90" type="stmt" count="3"/>
      <line num="91" type="stmt" count="3"/>
      <line num="92" type="stmt" count="3"/>
      <line num="94" type="stmt" count="2"/>
      <line num="96" type="stmt" count="1"/>
      <line num="106" type="method" name="getError" visibility="public" complexity="1" crap="1" count="4"/>
      <line num="108" type="stmt" count="4"/>
      <line num="117" type="method" name="getUrl" visibility="public" complexity="1" crap="1" count="2"/>
      <line num="119" type="stmt" count="2"/>
      <line num="128" type="method" name="isError" visibility="public" complexity="1" crap="1" count="6"/>
      <line num="130" type="stmt" count="6"/>
      <metrics loc="133" ncloc="79" classes="1" methods="4" coveredmethods="4" conditionals="0" coveredconditionals="0" statements="39" coveredstatements="39" elements="43" coveredelements="43"/>
    </file>
    <metrics files="22" loc="5732" ncloc="3641" classes="22" methods="175" coveredmethods="124" conditionals="0" coveredconditionals="0" statements="1891" coveredstatements="1598" elements="2066" coveredelements="1722"/>
  </project>
</coverage>
